<?xml version="1.0" encoding="UTF-8"?>
<testsuite name="FluxTest" tests="9" skipped="0" failures="0" errors="0" timestamp="2022-05-14T18:46:45" hostname="DESKTOP-SQQC16J" time="2.113">
  <properties/>
  <testcase name="fluxSubscriberNumbersError()" classname="FluxTest" time="0.269"/>
  <testcase name="connectableFluxAutoConnect()" classname="FluxTest" time="0.649"/>
  <testcase name="fluxSubscriber()" classname="FluxTest" time="0.006"/>
  <testcase name="connectableFlux()" classname="FluxTest" time="1.112"/>
  <testcase name="fluxSubscriberPrettyBackpressure()" classname="FluxTest" time="0.018"/>
  <testcase name="fluxSubscriberNumbersUglyBackpressure()" classname="FluxTest" time="0.013"/>
  <testcase name="fluxSubscriberIntervalOne()" classname="FluxTest" time="0.011"/>
  <testcase name="fluxSubscriberIntervalTwo()" classname="FluxTest" time="0.017"/>
  <testcase name="fluxSubscriberNumbersNotSoUglyBackpressure()" classname="FluxTest" time="0.009"/>
  <system-out><![CDATA[]]></system-out>
  <system-err><![CDATA[[Test worker] INFO reactor.Flux.Range.1 - | onSubscribe([Synchronous Fuseable] FluxRange.RangeSubscription)
[Test worker] INFO reactor.Flux.Range.1 - | request(3)
[Test worker] INFO reactor.Flux.Range.1 - | onNext(1)
[Test worker] INFO FluxTest - Number 1
[Test worker] INFO reactor.Flux.Range.1 - | onNext(2)
[Test worker] INFO FluxTest - Number 2
[Test worker] INFO reactor.Flux.Range.1 - | onNext(3)
[Test worker] INFO FluxTest - Number 3
[Test worker] INFO FluxTest - -----------------------------------
[Test worker] INFO reactor.Flux.Range.1 - | onSubscribe([Synchronous Fuseable] FluxRange.RangeSubscription)
[Test worker] INFO reactor.Flux.Range.1 - | request(unbounded)
[Test worker] INFO reactor.Flux.Range.1 - | onNext(1)
[Test worker] INFO reactor.Flux.Range.1 - | onNext(2)
[Test worker] INFO reactor.Flux.Range.1 - | onNext(3)
[Test worker] INFO reactor.Flux.Range.1 - | onNext(4)
[Test worker] INFO reactor.Flux.Range.1 - | cancel()
[Test worker] INFO reactor.Flux.Range.2 - | onSubscribe([Synchronous Fuseable] FluxRange.RangeSubscription)
[Test worker] INFO reactor.Flux.Range.2 - | request(32)
[Test worker] INFO reactor.Flux.Range.2 - | onNext(1)
[Test worker] INFO reactor.Flux.Range.2 - | onNext(2)
[Test worker] INFO reactor.Flux.Range.2 - | onNext(3)
[Test worker] INFO reactor.Flux.Range.2 - | onNext(4)
[Test worker] INFO reactor.Flux.Range.2 - | onNext(5)
[Test worker] INFO reactor.Flux.Range.2 - | onComplete()
[Test worker] INFO reactor.Flux.Array.3 - | onSubscribe([Synchronous Fuseable] FluxArray.ArraySubscription)
[Test worker] INFO reactor.Flux.Array.3 - | request(unbounded)
[Test worker] INFO reactor.Flux.Array.3 - | onNext(William)
[Test worker] INFO reactor.Flux.Array.3 - | onNext(Suane)
[Test worker] INFO reactor.Flux.Array.3 - | onNext(DevDojo)
[Test worker] INFO reactor.Flux.Array.3 - | onNext(Academy)
[Test worker] INFO reactor.Flux.Array.3 - | onComplete()
[Test worker] INFO reactor.Flux.Range.4 - | onSubscribe([Synchronous Fuseable] FluxRange.RangeSubscription)
[Test worker] INFO reactor.Flux.Range.4 - | request(32)
[Test worker] INFO reactor.Flux.Range.4 - | onNext(1)
[Test worker] INFO reactor.Flux.Range.4 - | onNext(2)
[Test worker] INFO reactor.Flux.Range.4 - | onNext(3)
[Test worker] INFO reactor.Flux.Range.4 - | onNext(4)
[Test worker] INFO reactor.Flux.Range.4 - | onNext(5)
[Test worker] INFO reactor.Flux.Range.4 - | onNext(6)
[Test worker] INFO reactor.Flux.Range.4 - | onNext(7)
[Test worker] INFO reactor.Flux.Range.4 - | onNext(8)
[Test worker] INFO reactor.Flux.Range.4 - | onNext(9)
[Test worker] INFO reactor.Flux.Range.4 - | onNext(10)
[Test worker] INFO reactor.Flux.Range.4 - | onComplete()
[Test worker] INFO reactor.Flux.Range.5 - | onSubscribe([Synchronous Fuseable] FluxRange.RangeSubscription)
[Test worker] INFO reactor.Flux.Range.5 - | request(3)
[Test worker] INFO reactor.Flux.Range.5 - | onNext(1)
[Test worker] INFO FluxTest - Number 1
[Test worker] INFO reactor.Flux.Range.5 - | onNext(2)
[Test worker] INFO FluxTest - Number 2
[Test worker] INFO reactor.Flux.Range.5 - | onNext(3)
[Test worker] INFO FluxTest - Number 3
[Test worker] INFO reactor.Flux.Range.5 - | request(3)
[Test worker] INFO reactor.Flux.Range.5 - | onNext(4)
[Test worker] INFO FluxTest - Number 4
[Test worker] INFO reactor.Flux.Range.5 - | onNext(5)
[Test worker] INFO FluxTest - Number 5
[Test worker] INFO reactor.Flux.Range.5 - | onNext(6)
[Test worker] INFO FluxTest - Number 6
[Test worker] INFO reactor.Flux.Range.5 - | request(3)
[Test worker] INFO reactor.Flux.Range.5 - | onNext(7)
[Test worker] INFO FluxTest - Number 7
[Test worker] INFO reactor.Flux.Range.5 - | onNext(8)
[Test worker] INFO FluxTest - Number 8
[Test worker] INFO reactor.Flux.Range.5 - | onNext(9)
[Test worker] INFO FluxTest - Number 9
[Test worker] INFO reactor.Flux.Range.5 - | request(3)
[Test worker] INFO reactor.Flux.Range.5 - | onNext(10)
[Test worker] INFO FluxTest - Number 10
[Test worker] INFO reactor.Flux.Range.5 - | onComplete()
[Test worker] INFO FluxTest - -----------------------------------
[Test worker] INFO reactor.Flux.Range.5 - | onSubscribe([Synchronous Fuseable] FluxRange.RangeSubscription)
[Test worker] INFO reactor.Flux.Range.5 - | request(3)
[Test worker] INFO reactor.Flux.Range.5 - | onNext(1)
[Test worker] INFO reactor.Flux.Range.5 - | onNext(2)
[Test worker] INFO reactor.Flux.Range.5 - | onNext(3)
[Test worker] INFO reactor.Flux.Range.5 - | request(3)
[Test worker] INFO reactor.Flux.Range.5 - | onNext(4)
[Test worker] INFO reactor.Flux.Range.5 - | onNext(5)
[Test worker] INFO reactor.Flux.Range.5 - | onNext(6)
[Test worker] INFO reactor.Flux.Range.5 - | request(3)
[Test worker] INFO reactor.Flux.Range.5 - | onNext(7)
[Test worker] INFO reactor.Flux.Range.5 - | onNext(8)
[Test worker] INFO reactor.Flux.Range.5 - | onNext(9)
[Test worker] INFO reactor.Flux.Range.5 - | request(3)
[Test worker] INFO reactor.Flux.Range.5 - | onNext(10)
[Test worker] INFO reactor.Flux.Range.5 - | onComplete()
[Test worker] INFO reactor.Flux.Range.6 - | onSubscribe([Synchronous Fuseable] FluxRange.RangeSubscription)
[Test worker] INFO reactor.Flux.Range.6 - | request(2)
[Test worker] INFO reactor.Flux.Range.6 - | onNext(1)
[Test worker] INFO reactor.Flux.Range.6 - | onNext(2)
[Test worker] INFO reactor.Flux.Range.6 - | request(2)
[Test worker] INFO reactor.Flux.Range.6 - | onNext(3)
[Test worker] INFO reactor.Flux.Range.6 - | onNext(4)
[Test worker] INFO reactor.Flux.Range.6 - | request(2)
[Test worker] INFO reactor.Flux.Range.6 - | onNext(5)
[Test worker] INFO reactor.Flux.Range.6 - | onNext(6)
[Test worker] INFO reactor.Flux.Range.6 - | request(2)
[Test worker] INFO reactor.Flux.Range.6 - | onNext(7)
[Test worker] INFO reactor.Flux.Range.6 - | onNext(8)
[Test worker] INFO reactor.Flux.Range.6 - | request(2)
[Test worker] INFO reactor.Flux.Range.6 - | onNext(9)
[Test worker] INFO reactor.Flux.Range.6 - | onNext(10)
[Test worker] INFO reactor.Flux.Range.6 - | request(2)
[Test worker] INFO reactor.Flux.Range.6 - | onComplete()
[Test worker] INFO FluxTest - -----------------------------------
[Test worker] INFO reactor.Flux.Range.6 - | onSubscribe([Synchronous Fuseable] FluxRange.RangeSubscription)
[Test worker] INFO reactor.Flux.Range.6 - | request(unbounded)
[Test worker] INFO reactor.Flux.Range.6 - | onNext(1)
[Test worker] INFO reactor.Flux.Range.6 - | onNext(2)
[Test worker] INFO reactor.Flux.Range.6 - | onNext(3)
[Test worker] INFO reactor.Flux.Range.6 - | onNext(4)
[Test worker] INFO reactor.Flux.Range.6 - | onNext(5)
[Test worker] INFO reactor.Flux.Range.6 - | onNext(6)
[Test worker] INFO reactor.Flux.Range.6 - | onNext(7)
[Test worker] INFO reactor.Flux.Range.6 - | onNext(8)
[Test worker] INFO reactor.Flux.Range.6 - | onNext(9)
[Test worker] INFO reactor.Flux.Range.6 - | onNext(10)
[Test worker] INFO reactor.Flux.Range.6 - | onComplete()
[Test worker] INFO reactor.Flux.Take.7 - onSubscribe(FluxTake.TakeSubscriber)
[Test worker] INFO reactor.Flux.Take.7 - request(unbounded)
[Test worker] INFO reactor.Flux.Interval.8 - onSubscribe(FluxInterval.IntervalRunnable)
[Test worker] INFO reactor.Flux.Interval.8 - request(unbounded)
[Test worker] INFO reactor.Flux.Interval.8 - onNext(0)
[Test worker] INFO reactor.Flux.Interval.8 - onNext(1)
[Test worker] INFO reactor.Flux.Interval.8 - cancel()
[Test worker] INFO reactor.Flux.Range.9 - | onSubscribe([Synchronous Fuseable] FluxRange.RangeSubscription)
[Test worker] INFO reactor.Flux.Range.9 - | request(2)
[Test worker] INFO reactor.Flux.Range.9 - | onNext(1)
[Test worker] INFO reactor.Flux.Range.9 - | onNext(2)
[Test worker] INFO reactor.Flux.Range.9 - | request(2)
[Test worker] INFO reactor.Flux.Range.9 - | onNext(3)
[Test worker] INFO reactor.Flux.Range.9 - | onNext(4)
[Test worker] INFO reactor.Flux.Range.9 - | request(2)
[Test worker] INFO reactor.Flux.Range.9 - | onNext(5)
[Test worker] INFO reactor.Flux.Range.9 - | onNext(6)
[Test worker] INFO reactor.Flux.Range.9 - | request(2)
[Test worker] INFO reactor.Flux.Range.9 - | onNext(7)
[Test worker] INFO reactor.Flux.Range.9 - | onNext(8)
[Test worker] INFO reactor.Flux.Range.9 - | request(2)
[Test worker] INFO reactor.Flux.Range.9 - | onNext(9)
[Test worker] INFO reactor.Flux.Range.9 - | onNext(10)
[Test worker] INFO reactor.Flux.Range.9 - | request(2)
[Test worker] INFO reactor.Flux.Range.9 - | onComplete()
[Test worker] INFO FluxTest - -----------------------------------
[Test worker] INFO reactor.Flux.Range.9 - | onSubscribe([Synchronous Fuseable] FluxRange.RangeSubscription)
[Test worker] INFO reactor.Flux.Range.9 - | request(unbounded)
[Test worker] INFO reactor.Flux.Range.9 - | onNext(1)
[Test worker] INFO reactor.Flux.Range.9 - | onNext(2)
[Test worker] INFO reactor.Flux.Range.9 - | onNext(3)
[Test worker] INFO reactor.Flux.Range.9 - | onNext(4)
[Test worker] INFO reactor.Flux.Range.9 - | onNext(5)
[Test worker] INFO reactor.Flux.Range.9 - | onNext(6)
[Test worker] INFO reactor.Flux.Range.9 - | onNext(7)
[Test worker] INFO reactor.Flux.Range.9 - | onNext(8)
[Test worker] INFO reactor.Flux.Range.9 - | onNext(9)
[Test worker] INFO reactor.Flux.Range.9 - | onNext(10)
[Test worker] INFO reactor.Flux.Range.9 - | onComplete()
]]></system-err>
</testsuite>
